
Information: Checking generated_clocks...

Information: Checking loops...

Information: Checking no_input_delay...

Information: Checking unconstrained_endpoints...

Warning: The following end-points are not constrained for maximum delay.

End point
---------------
equalOppProp/eop/dl/dummy_reg_0_/D
equalOppProp/eop/dl/dummy_reg_1_/D
invPush/invP/dl/dummy_reg_0_/D
outBus[0]
outBus[1]
outBus[2]
outBus[3]
outBus[4]
unconnProp/up/dl/dummy_reg_0_/D

Information: Checking pulse_clock_cell_type...

Information: Checking no_driving_cell...

Information: Checking partial_input_delay...
1
